CRITICAL - 2023-07-22 03:25:40 --> Call to undefined method App\Models\PengajuanModel::simpan
in SYSTEMPATH\Model.php on line 841.
 1 APPPATH\Controllers\User.php(93): CodeIgniter\Model->__call('simpan', [...])
 2 SYSTEMPATH\CodeIgniter.php(932): App\Controllers\User->simpan()
 3 SYSTEMPATH\CodeIgniter.php(497): CodeIgniter\CodeIgniter->runController(Object(App\Controllers\User))
 4 SYSTEMPATH\CodeIgniter.php(366): CodeIgniter\CodeIgniter->handleRequest(null, Object(Config\Cache), false)
 5 FCPATH\index.php(67): CodeIgniter\CodeIgniter->run()
 6 SYSTEMPATH\Commands\Server\rewrite.php(47): require_once('C:\\xampp\\htdocs\\ci4_admin\\public\\index.php')
ERROR - 2023-07-22 03:44:12 --> mysqli_sql_exception: Unknown column 'create_at' in 'field list' in C:\xampp\htdocs\ci4_admin\system\Database\MySQLi\Connection.php:295
Stack trace:
#0 C:\xampp\htdocs\ci4_admin\system\Database\MySQLi\Connection.php(295): mysqli->query('INSERT INTO `tb...', 0)
#1 C:\xampp\htdocs\ci4_admin\system\Database\BaseConnection.php(692): CodeIgniter\Database\MySQLi\Connection->execute('INSERT INTO `tb...')
#2 C:\xampp\htdocs\ci4_admin\system\Database\BaseConnection.php(606): CodeIgniter\Database\BaseConnection->simpleQuery('INSERT INTO `tb...')
#3 C:\xampp\htdocs\ci4_admin\system\Database\BaseBuilder.php(2309): CodeIgniter\Database\BaseConnection->query('INSERT INTO `tb...', Array, false)
#4 C:\xampp\htdocs\ci4_admin\system\Model.php(334): CodeIgniter\Database\BaseBuilder->insert()
#5 C:\xampp\htdocs\ci4_admin\system\BaseModel.php(782): CodeIgniter\Model->doInsert(Array)
#6 C:\xampp\htdocs\ci4_admin\system\Model.php(734): CodeIgniter\BaseModel->insert(Array, true)
#7 C:\xampp\htdocs\ci4_admin\app\Controllers\User.php(108): CodeIgniter\Model->insert(Array)
#8 C:\xampp\htdocs\ci4_admin\system\CodeIgniter.php(932): App\Controllers\User->simpan()
#9 C:\xampp\htdocs\ci4_admin\system\CodeIgniter.php(497): CodeIgniter\CodeIgniter->runController(Object(App\Controllers\User))
#10 C:\xampp\htdocs\ci4_admin\system\CodeIgniter.php(366): CodeIgniter\CodeIgniter->handleRequest(NULL, Object(Config\Cache), false)
#11 C:\xampp\htdocs\ci4_admin\public\index.php(67): CodeIgniter\CodeIgniter->run()
#12 C:\xampp\htdocs\ci4_admin\system\Commands\Server\rewrite.php(47): require_once('C:\\xampp\\htdocs...')
#13 {main}
CRITICAL - 2023-07-22 03:44:12 --> Unknown column 'create_at' in 'field list'
in SYSTEMPATH\Database\MySQLi\Connection.php on line 295.
 1 SYSTEMPATH\Database\MySQLi\Connection.php(295): mysqli->query('INSERT INTO `tbl_ktp` (`provinsi`, `kabupaten`, `kecamatan`, `kelurahan`, `jenis_permohonan`, `nama`, `kk`, `nik`, `alamat`, `create_at`, `update_at`) VALUES (\'Jawa Timur\', \'Bogor\', \'Ciamis\', \'Bulaklega\', \'Baru\', \'Hafizh Nauval\', \'1234563333\', \'12345678909876\', \'bandungsari\', \'2023-07-22 03:44:12\', \'2023-07-22 03:44:12\')', 0)
 2 SYSTEMPATH\Database\BaseConnection.php(692): CodeIgniter\Database\MySQLi\Connection->execute('INSERT INTO `tbl_ktp` (`provinsi`, `kabupaten`, `kecamatan`, `kelurahan`, `jenis_permohonan`, `nama`, `kk`, `nik`, `alamat`, `create_at`, `update_at`) VALUES (\'Jawa Timur\', \'Bogor\', \'Ciamis\', \'Bulaklega\', \'Baru\', \'Hafizh Nauval\', \'1234563333\', \'12345678909876\', \'bandungsari\', \'2023-07-22 03:44:12\', \'2023-07-22 03:44:12\')')
 3 SYSTEMPATH\Database\BaseConnection.php(606): CodeIgniter\Database\BaseConnection->simpleQuery('INSERT INTO `tbl_ktp` (`provinsi`, `kabupaten`, `kecamatan`, `kelurahan`, `jenis_permohonan`, `nama`, `kk`, `nik`, `alamat`, `create_at`, `update_at`) VALUES (\'Jawa Timur\', \'Bogor\', \'Ciamis\', \'Bulaklega\', \'Baru\', \'Hafizh Nauval\', \'1234563333\', \'12345678909876\', \'bandungsari\', \'2023-07-22 03:44:12\', \'2023-07-22 03:44:12\')')
 4 SYSTEMPATH\Database\BaseBuilder.php(2309): CodeIgniter\Database\BaseConnection->query('INSERT INTO `tbl_ktp` (`provinsi`, `kabupaten`, `kecamatan`, `kelurahan`, `jenis_permohonan`, `nama`, `kk`, `nik`, `alamat`, `create_at`, `update_at`) VALUES (:provinsi:, :kabupaten:, :kecamatan:, :kelurahan:, :jenis_permohonan:, :nama:, :kk:, :nik:, :alamat:, :create_at:, :update_at:)', [...], false)
 5 SYSTEMPATH\Model.php(334): CodeIgniter\Database\BaseBuilder->insert()
 6 SYSTEMPATH\BaseModel.php(782): CodeIgniter\Model->doInsert([...])
 7 SYSTEMPATH\Model.php(734): CodeIgniter\BaseModel->insert([...], true)
 8 APPPATH\Controllers\User.php(108): CodeIgniter\Model->insert([...])
 9 SYSTEMPATH\CodeIgniter.php(932): App\Controllers\User->simpan()
10 SYSTEMPATH\CodeIgniter.php(497): CodeIgniter\CodeIgniter->runController(Object(App\Controllers\User))
11 SYSTEMPATH\CodeIgniter.php(366): CodeIgniter\CodeIgniter->handleRequest(null, Object(Config\Cache), false)
12 FCPATH\index.php(67): CodeIgniter\CodeIgniter->run()
13 SYSTEMPATH\Commands\Server\rewrite.php(47): require_once('C:\\xampp\\htdocs\\ci4_admin\\public\\index.php')
ERROR - 2023-07-22 03:45:30 --> mysqli_sql_exception: Unknown column 'create_at' in 'field list' in C:\xampp\htdocs\ci4_admin\system\Database\MySQLi\Connection.php:295
Stack trace:
#0 C:\xampp\htdocs\ci4_admin\system\Database\MySQLi\Connection.php(295): mysqli->query('INSERT INTO `tb...', 0)
#1 C:\xampp\htdocs\ci4_admin\system\Database\BaseConnection.php(692): CodeIgniter\Database\MySQLi\Connection->execute('INSERT INTO `tb...')
#2 C:\xampp\htdocs\ci4_admin\system\Database\BaseConnection.php(606): CodeIgniter\Database\BaseConnection->simpleQuery('INSERT INTO `tb...')
#3 C:\xampp\htdocs\ci4_admin\system\Database\BaseBuilder.php(2309): CodeIgniter\Database\BaseConnection->query('INSERT INTO `tb...', Array, false)
#4 C:\xampp\htdocs\ci4_admin\system\Model.php(334): CodeIgniter\Database\BaseBuilder->insert()
#5 C:\xampp\htdocs\ci4_admin\system\BaseModel.php(782): CodeIgniter\Model->doInsert(Array)
#6 C:\xampp\htdocs\ci4_admin\system\Model.php(734): CodeIgniter\BaseModel->insert(Array, true)
#7 C:\xampp\htdocs\ci4_admin\app\Controllers\User.php(108): CodeIgniter\Model->insert(Array)
#8 C:\xampp\htdocs\ci4_admin\system\CodeIgniter.php(932): App\Controllers\User->simpan()
#9 C:\xampp\htdocs\ci4_admin\system\CodeIgniter.php(497): CodeIgniter\CodeIgniter->runController(Object(App\Controllers\User))
#10 C:\xampp\htdocs\ci4_admin\system\CodeIgniter.php(366): CodeIgniter\CodeIgniter->handleRequest(NULL, Object(Config\Cache), false)
#11 C:\xampp\htdocs\ci4_admin\public\index.php(67): CodeIgniter\CodeIgniter->run()
#12 C:\xampp\htdocs\ci4_admin\system\Commands\Server\rewrite.php(47): require_once('C:\\xampp\\htdocs...')
#13 {main}
CRITICAL - 2023-07-22 03:45:30 --> Unknown column 'create_at' in 'field list'
in SYSTEMPATH\Database\MySQLi\Connection.php on line 295.
 1 SYSTEMPATH\Database\MySQLi\Connection.php(295): mysqli->query('INSERT INTO `tbl_ktp` (`provinsi`, `kabupaten`, `kecamatan`, `kelurahan`, `jenis_permohonan`, `nama`, `kk`, `nik`, `alamat`, `create_at`, `update_at`) VALUES (\'Jawa Timur\', \'Bogor\', \'Ciamis\', \'Bulaklega\', \'Baru\', \'Hafizh Nauval\', \'1234563333\', \'12345678909876\', \'bandungsari\', \'2023-07-22 03:45:30\', \'2023-07-22 03:45:30\')', 0)
 2 SYSTEMPATH\Database\BaseConnection.php(692): CodeIgniter\Database\MySQLi\Connection->execute('INSERT INTO `tbl_ktp` (`provinsi`, `kabupaten`, `kecamatan`, `kelurahan`, `jenis_permohonan`, `nama`, `kk`, `nik`, `alamat`, `create_at`, `update_at`) VALUES (\'Jawa Timur\', \'Bogor\', \'Ciamis\', \'Bulaklega\', \'Baru\', \'Hafizh Nauval\', \'1234563333\', \'12345678909876\', \'bandungsari\', \'2023-07-22 03:45:30\', \'2023-07-22 03:45:30\')')
 3 SYSTEMPATH\Database\BaseConnection.php(606): CodeIgniter\Database\BaseConnection->simpleQuery('INSERT INTO `tbl_ktp` (`provinsi`, `kabupaten`, `kecamatan`, `kelurahan`, `jenis_permohonan`, `nama`, `kk`, `nik`, `alamat`, `create_at`, `update_at`) VALUES (\'Jawa Timur\', \'Bogor\', \'Ciamis\', \'Bulaklega\', \'Baru\', \'Hafizh Nauval\', \'1234563333\', \'12345678909876\', \'bandungsari\', \'2023-07-22 03:45:30\', \'2023-07-22 03:45:30\')')
 4 SYSTEMPATH\Database\BaseBuilder.php(2309): CodeIgniter\Database\BaseConnection->query('INSERT INTO `tbl_ktp` (`provinsi`, `kabupaten`, `kecamatan`, `kelurahan`, `jenis_permohonan`, `nama`, `kk`, `nik`, `alamat`, `create_at`, `update_at`) VALUES (:provinsi:, :kabupaten:, :kecamatan:, :kelurahan:, :jenis_permohonan:, :nama:, :kk:, :nik:, :alamat:, :create_at:, :update_at:)', [...], false)
 5 SYSTEMPATH\Model.php(334): CodeIgniter\Database\BaseBuilder->insert()
 6 SYSTEMPATH\BaseModel.php(782): CodeIgniter\Model->doInsert([...])
 7 SYSTEMPATH\Model.php(734): CodeIgniter\BaseModel->insert([...], true)
 8 APPPATH\Controllers\User.php(108): CodeIgniter\Model->insert([...])
 9 SYSTEMPATH\CodeIgniter.php(932): App\Controllers\User->simpan()
10 SYSTEMPATH\CodeIgniter.php(497): CodeIgniter\CodeIgniter->runController(Object(App\Controllers\User))
11 SYSTEMPATH\CodeIgniter.php(366): CodeIgniter\CodeIgniter->handleRequest(null, Object(Config\Cache), false)
12 FCPATH\index.php(67): CodeIgniter\CodeIgniter->run()
13 SYSTEMPATH\Commands\Server\rewrite.php(47): require_once('C:\\xampp\\htdocs\\ci4_admin\\public\\index.php')
ERROR - 2023-07-22 03:56:05 --> mysqli_sql_exception: Unknown column 'create_at' in 'field list' in C:\xampp\htdocs\ci4_admin\system\Database\MySQLi\Connection.php:295
Stack trace:
#0 C:\xampp\htdocs\ci4_admin\system\Database\MySQLi\Connection.php(295): mysqli->query('INSERT INTO `tb...', 0)
#1 C:\xampp\htdocs\ci4_admin\system\Database\BaseConnection.php(692): CodeIgniter\Database\MySQLi\Connection->execute('INSERT INTO `tb...')
#2 C:\xampp\htdocs\ci4_admin\system\Database\BaseConnection.php(606): CodeIgniter\Database\BaseConnection->simpleQuery('INSERT INTO `tb...')
#3 C:\xampp\htdocs\ci4_admin\system\Database\BaseBuilder.php(2309): CodeIgniter\Database\BaseConnection->query('INSERT INTO `tb...', Array, false)
#4 C:\xampp\htdocs\ci4_admin\system\Model.php(334): CodeIgniter\Database\BaseBuilder->insert()
#5 C:\xampp\htdocs\ci4_admin\system\BaseModel.php(782): CodeIgniter\Model->doInsert(Array)
#6 C:\xampp\htdocs\ci4_admin\system\Model.php(734): CodeIgniter\BaseModel->insert(Array, true)
#7 C:\xampp\htdocs\ci4_admin\app\Controllers\User.php(108): CodeIgniter\Model->insert(Array)
#8 C:\xampp\htdocs\ci4_admin\system\CodeIgniter.php(932): App\Controllers\User->simpan()
#9 C:\xampp\htdocs\ci4_admin\system\CodeIgniter.php(497): CodeIgniter\CodeIgniter->runController(Object(App\Controllers\User))
#10 C:\xampp\htdocs\ci4_admin\system\CodeIgniter.php(366): CodeIgniter\CodeIgniter->handleRequest(NULL, Object(Config\Cache), false)
#11 C:\xampp\htdocs\ci4_admin\public\index.php(67): CodeIgniter\CodeIgniter->run()
#12 C:\xampp\htdocs\ci4_admin\system\Commands\Server\rewrite.php(47): require_once('C:\\xampp\\htdocs...')
#13 {main}
CRITICAL - 2023-07-22 03:56:05 --> Unknown column 'create_at' in 'field list'
in SYSTEMPATH\Database\MySQLi\Connection.php on line 295.
 1 SYSTEMPATH\Database\MySQLi\Connection.php(295): mysqli->query('INSERT INTO `tbl_ktp` (`provinsi`, `kabupaten`, `kecamatan`, `kelurahan`, `jenis_permohonan`, `nama`, `kk`, `nik`, `alamat`, `create_at`, `update_at`) VALUES (\'Jawa Timur\', \'Bogor\', \'Ciamis\', \'Bulaklega\', \'Baru\', \'Hafizh Nauval\', \'1234563333\', \'12345678909876\', \'bandungsari\', \'2023-07-22 03:56:05\', \'2023-07-22 03:56:05\')', 0)
 2 SYSTEMPATH\Database\BaseConnection.php(692): CodeIgniter\Database\MySQLi\Connection->execute('INSERT INTO `tbl_ktp` (`provinsi`, `kabupaten`, `kecamatan`, `kelurahan`, `jenis_permohonan`, `nama`, `kk`, `nik`, `alamat`, `create_at`, `update_at`) VALUES (\'Jawa Timur\', \'Bogor\', \'Ciamis\', \'Bulaklega\', \'Baru\', \'Hafizh Nauval\', \'1234563333\', \'12345678909876\', \'bandungsari\', \'2023-07-22 03:56:05\', \'2023-07-22 03:56:05\')')
 3 SYSTEMPATH\Database\BaseConnection.php(606): CodeIgniter\Database\BaseConnection->simpleQuery('INSERT INTO `tbl_ktp` (`provinsi`, `kabupaten`, `kecamatan`, `kelurahan`, `jenis_permohonan`, `nama`, `kk`, `nik`, `alamat`, `create_at`, `update_at`) VALUES (\'Jawa Timur\', \'Bogor\', \'Ciamis\', \'Bulaklega\', \'Baru\', \'Hafizh Nauval\', \'1234563333\', \'12345678909876\', \'bandungsari\', \'2023-07-22 03:56:05\', \'2023-07-22 03:56:05\')')
 4 SYSTEMPATH\Database\BaseBuilder.php(2309): CodeIgniter\Database\BaseConnection->query('INSERT INTO `tbl_ktp` (`provinsi`, `kabupaten`, `kecamatan`, `kelurahan`, `jenis_permohonan`, `nama`, `kk`, `nik`, `alamat`, `create_at`, `update_at`) VALUES (:provinsi:, :kabupaten:, :kecamatan:, :kelurahan:, :jenis_permohonan:, :nama:, :kk:, :nik:, :alamat:, :create_at:, :update_at:)', [...], false)
 5 SYSTEMPATH\Model.php(334): CodeIgniter\Database\BaseBuilder->insert()
 6 SYSTEMPATH\BaseModel.php(782): CodeIgniter\Model->doInsert([...])
 7 SYSTEMPATH\Model.php(734): CodeIgniter\BaseModel->insert([...], true)
 8 APPPATH\Controllers\User.php(108): CodeIgniter\Model->insert([...])
 9 SYSTEMPATH\CodeIgniter.php(932): App\Controllers\User->simpan()
10 SYSTEMPATH\CodeIgniter.php(497): CodeIgniter\CodeIgniter->runController(Object(App\Controllers\User))
11 SYSTEMPATH\CodeIgniter.php(366): CodeIgniter\CodeIgniter->handleRequest(null, Object(Config\Cache), false)
12 FCPATH\index.php(67): CodeIgniter\CodeIgniter->run()
13 SYSTEMPATH\Commands\Server\rewrite.php(47): require_once('C:\\xampp\\htdocs\\ci4_admin\\public\\index.php')
ERROR - 2023-07-22 03:57:15 --> mysqli_sql_exception: Unknown column 'create_at' in 'field list' in C:\xampp\htdocs\ci4_admin\system\Database\MySQLi\Connection.php:295
Stack trace:
#0 C:\xampp\htdocs\ci4_admin\system\Database\MySQLi\Connection.php(295): mysqli->query('INSERT INTO `tb...', 0)
#1 C:\xampp\htdocs\ci4_admin\system\Database\BaseConnection.php(692): CodeIgniter\Database\MySQLi\Connection->execute('INSERT INTO `tb...')
#2 C:\xampp\htdocs\ci4_admin\system\Database\BaseConnection.php(606): CodeIgniter\Database\BaseConnection->simpleQuery('INSERT INTO `tb...')
#3 C:\xampp\htdocs\ci4_admin\system\Database\BaseBuilder.php(2309): CodeIgniter\Database\BaseConnection->query('INSERT INTO `tb...', Array, false)
#4 C:\xampp\htdocs\ci4_admin\system\Model.php(334): CodeIgniter\Database\BaseBuilder->insert()
#5 C:\xampp\htdocs\ci4_admin\system\BaseModel.php(782): CodeIgniter\Model->doInsert(Array)
#6 C:\xampp\htdocs\ci4_admin\system\Model.php(734): CodeIgniter\BaseModel->insert(Array, true)
#7 C:\xampp\htdocs\ci4_admin\app\Controllers\User.php(108): CodeIgniter\Model->insert(Array)
#8 C:\xampp\htdocs\ci4_admin\system\CodeIgniter.php(932): App\Controllers\User->simpan()
#9 C:\xampp\htdocs\ci4_admin\system\CodeIgniter.php(497): CodeIgniter\CodeIgniter->runController(Object(App\Controllers\User))
#10 C:\xampp\htdocs\ci4_admin\system\CodeIgniter.php(366): CodeIgniter\CodeIgniter->handleRequest(NULL, Object(Config\Cache), false)
#11 C:\xampp\htdocs\ci4_admin\public\index.php(67): CodeIgniter\CodeIgniter->run()
#12 C:\xampp\htdocs\ci4_admin\system\Commands\Server\rewrite.php(47): require_once('C:\\xampp\\htdocs...')
#13 {main}
CRITICAL - 2023-07-22 03:57:15 --> Unknown column 'create_at' in 'field list'
in SYSTEMPATH\Database\MySQLi\Connection.php on line 295.
 1 SYSTEMPATH\Database\MySQLi\Connection.php(295): mysqli->query('INSERT INTO `tbl_ktp` (`provinsi`, `kabupaten`, `kecamatan`, `kelurahan`, `jenis_permohonan`, `nama`, `kk`, `nik`, `alamat`, `create_at`, `update_at`) VALUES (\'Jawa Timur\', \'Bogor\', \'Ciamis\', \'Bulaklega\', \'Baru\', \'Hafizh Nauval\', \'1234563333\', \'12345678909876\', \'bandungsari\', \'2023-07-22 03:57:15\', \'2023-07-22 03:57:15\')', 0)
 2 SYSTEMPATH\Database\BaseConnection.php(692): CodeIgniter\Database\MySQLi\Connection->execute('INSERT INTO `tbl_ktp` (`provinsi`, `kabupaten`, `kecamatan`, `kelurahan`, `jenis_permohonan`, `nama`, `kk`, `nik`, `alamat`, `create_at`, `update_at`) VALUES (\'Jawa Timur\', \'Bogor\', \'Ciamis\', \'Bulaklega\', \'Baru\', \'Hafizh Nauval\', \'1234563333\', \'12345678909876\', \'bandungsari\', \'2023-07-22 03:57:15\', \'2023-07-22 03:57:15\')')
 3 SYSTEMPATH\Database\BaseConnection.php(606): CodeIgniter\Database\BaseConnection->simpleQuery('INSERT INTO `tbl_ktp` (`provinsi`, `kabupaten`, `kecamatan`, `kelurahan`, `jenis_permohonan`, `nama`, `kk`, `nik`, `alamat`, `create_at`, `update_at`) VALUES (\'Jawa Timur\', \'Bogor\', \'Ciamis\', \'Bulaklega\', \'Baru\', \'Hafizh Nauval\', \'1234563333\', \'12345678909876\', \'bandungsari\', \'2023-07-22 03:57:15\', \'2023-07-22 03:57:15\')')
 4 SYSTEMPATH\Database\BaseBuilder.php(2309): CodeIgniter\Database\BaseConnection->query('INSERT INTO `tbl_ktp` (`provinsi`, `kabupaten`, `kecamatan`, `kelurahan`, `jenis_permohonan`, `nama`, `kk`, `nik`, `alamat`, `create_at`, `update_at`) VALUES (:provinsi:, :kabupaten:, :kecamatan:, :kelurahan:, :jenis_permohonan:, :nama:, :kk:, :nik:, :alamat:, :create_at:, :update_at:)', [...], false)
 5 SYSTEMPATH\Model.php(334): CodeIgniter\Database\BaseBuilder->insert()
 6 SYSTEMPATH\BaseModel.php(782): CodeIgniter\Model->doInsert([...])
 7 SYSTEMPATH\Model.php(734): CodeIgniter\BaseModel->insert([...], true)
 8 APPPATH\Controllers\User.php(108): CodeIgniter\Model->insert([...])
 9 SYSTEMPATH\CodeIgniter.php(932): App\Controllers\User->simpan()
10 SYSTEMPATH\CodeIgniter.php(497): CodeIgniter\CodeIgniter->runController(Object(App\Controllers\User))
11 SYSTEMPATH\CodeIgniter.php(366): CodeIgniter\CodeIgniter->handleRequest(null, Object(Config\Cache), false)
12 FCPATH\index.php(67): CodeIgniter\CodeIgniter->run()
13 SYSTEMPATH\Commands\Server\rewrite.php(47): require_once('C:\\xampp\\htdocs\\ci4_admin\\public\\index.php')
ERROR - 2023-07-22 04:00:19 --> mysqli_sql_exception: Unknown column 'update_at' in 'field list' in C:\xampp\htdocs\ci4_admin\system\Database\MySQLi\Connection.php:295
Stack trace:
#0 C:\xampp\htdocs\ci4_admin\system\Database\MySQLi\Connection.php(295): mysqli->query('INSERT INTO `tb...', 0)
#1 C:\xampp\htdocs\ci4_admin\system\Database\BaseConnection.php(692): CodeIgniter\Database\MySQLi\Connection->execute('INSERT INTO `tb...')
#2 C:\xampp\htdocs\ci4_admin\system\Database\BaseConnection.php(606): CodeIgniter\Database\BaseConnection->simpleQuery('INSERT INTO `tb...')
#3 C:\xampp\htdocs\ci4_admin\system\Database\BaseBuilder.php(2309): CodeIgniter\Database\BaseConnection->query('INSERT INTO `tb...', Array, false)
#4 C:\xampp\htdocs\ci4_admin\system\Model.php(334): CodeIgniter\Database\BaseBuilder->insert()
#5 C:\xampp\htdocs\ci4_admin\system\BaseModel.php(782): CodeIgniter\Model->doInsert(Array)
#6 C:\xampp\htdocs\ci4_admin\system\Model.php(734): CodeIgniter\BaseModel->insert(Array, true)
#7 C:\xampp\htdocs\ci4_admin\app\Controllers\User.php(108): CodeIgniter\Model->insert(Array)
#8 C:\xampp\htdocs\ci4_admin\system\CodeIgniter.php(932): App\Controllers\User->simpan()
#9 C:\xampp\htdocs\ci4_admin\system\CodeIgniter.php(497): CodeIgniter\CodeIgniter->runController(Object(App\Controllers\User))
#10 C:\xampp\htdocs\ci4_admin\system\CodeIgniter.php(366): CodeIgniter\CodeIgniter->handleRequest(NULL, Object(Config\Cache), false)
#11 C:\xampp\htdocs\ci4_admin\public\index.php(67): CodeIgniter\CodeIgniter->run()
#12 C:\xampp\htdocs\ci4_admin\system\Commands\Server\rewrite.php(47): require_once('C:\\xampp\\htdocs...')
#13 {main}
CRITICAL - 2023-07-22 04:00:19 --> Unknown column 'update_at' in 'field list'
in SYSTEMPATH\Database\MySQLi\Connection.php on line 295.
 1 SYSTEMPATH\Database\MySQLi\Connection.php(295): mysqli->query('INSERT INTO `tbl_ktp` (`provinsi`, `kabupaten`, `kecamatan`, `kelurahan`, `jenis_permohonan`, `nama`, `kk`, `nik`, `alamat`, `create_at`, `update_at`) VALUES (\'Jawa Timur\', \'Bogor\', \'Ciamis\', \'Bulaklega\', \'Baru\', \'Hafizh Nauval\', \'1234563333\', \'12345678909876\', \'bandungsari\', \'2023-07-22 04:00:19\', \'2023-07-22 04:00:19\')', 0)
 2 SYSTEMPATH\Database\BaseConnection.php(692): CodeIgniter\Database\MySQLi\Connection->execute('INSERT INTO `tbl_ktp` (`provinsi`, `kabupaten`, `kecamatan`, `kelurahan`, `jenis_permohonan`, `nama`, `kk`, `nik`, `alamat`, `create_at`, `update_at`) VALUES (\'Jawa Timur\', \'Bogor\', \'Ciamis\', \'Bulaklega\', \'Baru\', \'Hafizh Nauval\', \'1234563333\', \'12345678909876\', \'bandungsari\', \'2023-07-22 04:00:19\', \'2023-07-22 04:00:19\')')
 3 SYSTEMPATH\Database\BaseConnection.php(606): CodeIgniter\Database\BaseConnection->simpleQuery('INSERT INTO `tbl_ktp` (`provinsi`, `kabupaten`, `kecamatan`, `kelurahan`, `jenis_permohonan`, `nama`, `kk`, `nik`, `alamat`, `create_at`, `update_at`) VALUES (\'Jawa Timur\', \'Bogor\', \'Ciamis\', \'Bulaklega\', \'Baru\', \'Hafizh Nauval\', \'1234563333\', \'12345678909876\', \'bandungsari\', \'2023-07-22 04:00:19\', \'2023-07-22 04:00:19\')')
 4 SYSTEMPATH\Database\BaseBuilder.php(2309): CodeIgniter\Database\BaseConnection->query('INSERT INTO `tbl_ktp` (`provinsi`, `kabupaten`, `kecamatan`, `kelurahan`, `jenis_permohonan`, `nama`, `kk`, `nik`, `alamat`, `create_at`, `update_at`) VALUES (:provinsi:, :kabupaten:, :kecamatan:, :kelurahan:, :jenis_permohonan:, :nama:, :kk:, :nik:, :alamat:, :create_at:, :update_at:)', [...], false)
 5 SYSTEMPATH\Model.php(334): CodeIgniter\Database\BaseBuilder->insert()
 6 SYSTEMPATH\BaseModel.php(782): CodeIgniter\Model->doInsert([...])
 7 SYSTEMPATH\Model.php(734): CodeIgniter\BaseModel->insert([...], true)
 8 APPPATH\Controllers\User.php(108): CodeIgniter\Model->insert([...])
 9 SYSTEMPATH\CodeIgniter.php(932): App\Controllers\User->simpan()
10 SYSTEMPATH\CodeIgniter.php(497): CodeIgniter\CodeIgniter->runController(Object(App\Controllers\User))
11 SYSTEMPATH\CodeIgniter.php(366): CodeIgniter\CodeIgniter->handleRequest(null, Object(Config\Cache), false)
12 FCPATH\index.php(67): CodeIgniter\CodeIgniter->run()
13 SYSTEMPATH\Commands\Server\rewrite.php(47): require_once('C:\\xampp\\htdocs\\ci4_admin\\public\\index.php')
INFO - 2023-07-22 04:01:57 --> Session: Class initialized using 'CodeIgniter\Session\Handlers\FileHandler' driver.
INFO - 2023-07-22 04:03:05 --> Session: Class initialized using 'CodeIgniter\Session\Handlers\FileHandler' driver.
CRITICAL - 2023-07-22 07:31:55 --> Cannot use object of type stdClass as array
in APPPATH\Views\pages\admin\pengajuan.php on line 224.
 1 SYSTEMPATH\View\View.php(224): include()
 2 SYSTEMPATH\View\View.php(227): CodeIgniter\View\View->CodeIgniter\View\{closure}()
 3 SYSTEMPATH\Common.php(1180): CodeIgniter\View\View->render('pages/admin/pengajuan', [], true)
 4 APPPATH\Controllers\User.php(75): view('pages/admin/pengajuan', [...])
 5 SYSTEMPATH\CodeIgniter.php(932): App\Controllers\User->response_layanan()
 6 SYSTEMPATH\CodeIgniter.php(497): CodeIgniter\CodeIgniter->runController(Object(App\Controllers\User))
 7 SYSTEMPATH\CodeIgniter.php(366): CodeIgniter\CodeIgniter->handleRequest(null, Object(Config\Cache), false)
 8 FCPATH\index.php(67): CodeIgniter\CodeIgniter->run()
 9 SYSTEMPATH\Commands\Server\rewrite.php(47): require_once('C:\\xampp\\htdocs\\ci4_admin\\public\\index.php')
CRITICAL - 2023-07-22 07:38:30 --> Cannot use object of type stdClass as array
in APPPATH\Views\pages\admin\pengajuan.php on line 224.
 1 SYSTEMPATH\View\View.php(224): include()
 2 SYSTEMPATH\View\View.php(227): CodeIgniter\View\View->CodeIgniter\View\{closure}()
 3 SYSTEMPATH\Common.php(1180): CodeIgniter\View\View->render('pages/admin/pengajuan', [], true)
 4 APPPATH\Controllers\User.php(75): view('pages/admin/pengajuan', [...])
 5 SYSTEMPATH\CodeIgniter.php(932): App\Controllers\User->response_layanan()
 6 SYSTEMPATH\CodeIgniter.php(497): CodeIgniter\CodeIgniter->runController(Object(App\Controllers\User))
 7 SYSTEMPATH\CodeIgniter.php(366): CodeIgniter\CodeIgniter->handleRequest(null, Object(Config\Cache), false)
 8 FCPATH\index.php(67): CodeIgniter\CodeIgniter->run()
 9 SYSTEMPATH\Commands\Server\rewrite.php(47): require_once('C:\\xampp\\htdocs\\ci4_admin\\public\\index.php')
CRITICAL - 2023-07-22 07:43:02 --> Cannot use object of type stdClass as array
in APPPATH\Views\pages\admin\pengajuan.php on line 224.
 1 SYSTEMPATH\View\View.php(224): include()
 2 SYSTEMPATH\View\View.php(227): CodeIgniter\View\View->CodeIgniter\View\{closure}()
 3 SYSTEMPATH\Common.php(1180): CodeIgniter\View\View->render('pages/admin/pengajuan', [], true)
 4 APPPATH\Controllers\Admin.php(45): view('pages/admin/pengajuan', [...])
 5 SYSTEMPATH\CodeIgniter.php(932): App\Controllers\Admin->response_layanan()
 6 SYSTEMPATH\CodeIgniter.php(497): CodeIgniter\CodeIgniter->runController(Object(App\Controllers\Admin))
 7 SYSTEMPATH\CodeIgniter.php(366): CodeIgniter\CodeIgniter->handleRequest(null, Object(Config\Cache), false)
 8 FCPATH\index.php(67): CodeIgniter\CodeIgniter->run()
 9 SYSTEMPATH\Commands\Server\rewrite.php(47): require_once('C:\\xampp\\htdocs\\ci4_admin\\public\\index.php')
CRITICAL - 2023-07-22 07:52:53 --> Cannot use object of type stdClass as array
in APPPATH\Views\pages\admin\pengajuan.php on line 224.
 1 SYSTEMPATH\View\View.php(224): include()
 2 SYSTEMPATH\View\View.php(227): CodeIgniter\View\View->CodeIgniter\View\{closure}()
 3 SYSTEMPATH\Common.php(1180): CodeIgniter\View\View->render('pages/admin/pengajuan', [], true)
 4 APPPATH\Controllers\Admin.php(45): view('pages/admin/pengajuan', [...])
 5 SYSTEMPATH\CodeIgniter.php(932): App\Controllers\Admin->response_layanan()
 6 SYSTEMPATH\CodeIgniter.php(497): CodeIgniter\CodeIgniter->runController(Object(App\Controllers\Admin))
 7 SYSTEMPATH\CodeIgniter.php(366): CodeIgniter\CodeIgniter->handleRequest(null, Object(Config\Cache), false)
 8 FCPATH\index.php(67): CodeIgniter\CodeIgniter->run()
 9 SYSTEMPATH\Commands\Server\rewrite.php(47): require_once('C:\\xampp\\htdocs\\ci4_admin\\public\\index.php')
CRITICAL - 2023-07-22 07:57:44 --> Cannot use object of type stdClass as array
in APPPATH\Views\pages\admin\pengajuan.php on line 224.
 1 SYSTEMPATH\View\View.php(224): include()
 2 SYSTEMPATH\View\View.php(227): CodeIgniter\View\View->CodeIgniter\View\{closure}()
 3 SYSTEMPATH\Common.php(1180): CodeIgniter\View\View->render('pages/admin/pengajuan', [], true)
 4 APPPATH\Controllers\Admin.php(45): view('pages/admin/pengajuan', [...])
 5 SYSTEMPATH\CodeIgniter.php(932): App\Controllers\Admin->response_layanan()
 6 SYSTEMPATH\CodeIgniter.php(497): CodeIgniter\CodeIgniter->runController(Object(App\Controllers\Admin))
 7 SYSTEMPATH\CodeIgniter.php(366): CodeIgniter\CodeIgniter->handleRequest(null, Object(Config\Cache), false)
 8 FCPATH\index.php(67): CodeIgniter\CodeIgniter->run()
 9 SYSTEMPATH\Commands\Server\rewrite.php(47): require_once('C:\\xampp\\htdocs\\ci4_admin\\public\\index.php')
INFO - 2023-07-22 08:04:15 --> Session: Class initialized using 'CodeIgniter\Session\Handlers\FileHandler' driver.
INFO - 2023-07-22 08:06:47 --> Session: Class initialized using 'CodeIgniter\Session\Handlers\FileHandler' driver.
CRITICAL - 2023-07-22 08:26:38 --> Call to undefined method App\Models\AduanModel::simpan
in SYSTEMPATH\Model.php on line 841.
 1 APPPATH\Controllers\User.php(92): CodeIgniter\Model->__call('simpan', [...])
 2 SYSTEMPATH\CodeIgniter.php(932): App\Controllers\User->save()
 3 SYSTEMPATH\CodeIgniter.php(497): CodeIgniter\CodeIgniter->runController(Object(App\Controllers\User))
 4 SYSTEMPATH\CodeIgniter.php(366): CodeIgniter\CodeIgniter->handleRequest(null, Object(Config\Cache), false)
 5 FCPATH\index.php(67): CodeIgniter\CodeIgniter->run()
 6 SYSTEMPATH\Commands\Server\rewrite.php(47): require_once('C:\\xampp\\htdocs\\ci4_admin\\public\\index.php')
CRITICAL - 2023-07-22 08:28:18 --> Call to undefined method App\Models\AduanModel::simpan
in SYSTEMPATH\Model.php on line 841.
 1 APPPATH\Controllers\User.php(92): CodeIgniter\Model->__call('simpan', [...])
 2 SYSTEMPATH\CodeIgniter.php(932): App\Controllers\User->save()
 3 SYSTEMPATH\CodeIgniter.php(497): CodeIgniter\CodeIgniter->runController(Object(App\Controllers\User))
 4 SYSTEMPATH\CodeIgniter.php(366): CodeIgniter\CodeIgniter->handleRequest(null, Object(Config\Cache), false)
 5 FCPATH\index.php(67): CodeIgniter\CodeIgniter->run()
 6 SYSTEMPATH\Commands\Server\rewrite.php(47): require_once('C:\\xampp\\htdocs\\ci4_admin\\public\\index.php')
INFO - 2023-07-22 08:31:48 --> Session: Class initialized using 'CodeIgniter\Session\Handlers\FileHandler' driver.
