ERROR - 2023-07-25 05:45:03 --> Error connecting to the database: mysqli_sql_exception: No connection could be made because the target machine actively refused it in C:\xampp\htdocs\ci4_admin\system\Database\MySQLi\Connection.php:174
Stack trace:
#0 C:\xampp\htdocs\ci4_admin\system\Database\MySQLi\Connection.php(174): mysqli->real_connect('localhost', 'root', '', 'project_skripsi', 3306, '', 0)
#1 C:\xampp\htdocs\ci4_admin\system\Database\BaseConnection.php(391): CodeIgniter\Database\MySQLi\Connection->connect(false)
#2 C:\xampp\htdocs\ci4_admin\system\Database\BaseConnection.php(574): CodeIgniter\Database\BaseConnection->initialize()
#3 C:\xampp\htdocs\ci4_admin\system\Database\BaseBuilder.php(1616): CodeIgniter\Database\BaseConnection->query('SELECT *\nFROM `...', Array, false)
#4 C:\xampp\htdocs\ci4_admin\system\Model.php(245): CodeIgniter\Database\BaseBuilder->get()
#5 C:\xampp\htdocs\ci4_admin\system\BaseModel.php(618): CodeIgniter\Model->doFindAll(0, 0)
#6 C:\xampp\htdocs\ci4_admin\app\Controllers\Admin.php(58): CodeIgniter\BaseModel->findAll()
#7 C:\xampp\htdocs\ci4_admin\system\CodeIgniter.php(932): App\Controllers\Admin->aduan()
#8 C:\xampp\htdocs\ci4_admin\system\CodeIgniter.php(497): CodeIgniter\CodeIgniter->runController(Object(App\Controllers\Admin))
#9 C:\xampp\htdocs\ci4_admin\system\CodeIgniter.php(366): CodeIgniter\CodeIgniter->handleRequest(NULL, Object(Config\Cache), false)
#10 C:\xampp\htdocs\ci4_admin\public\index.php(67): CodeIgniter\CodeIgniter->run()
#11 C:\xampp\htdocs\ci4_admin\system\Commands\Server\rewrite.php(47): require_once('C:\\xampp\\htdocs...')
#12 {main}

Next CodeIgniter\Database\Exceptions\DatabaseException: No connection could be made because the target machine actively refused it in C:\xampp\htdocs\ci4_admin\system\Database\MySQLi\Connection.php:218
Stack trace:
#0 C:\xampp\htdocs\ci4_admin\system\Database\BaseConnection.php(391): CodeIgniter\Database\MySQLi\Connection->connect(false)
#1 C:\xampp\htdocs\ci4_admin\system\Database\BaseConnection.php(574): CodeIgniter\Database\BaseConnection->initialize()
#2 C:\xampp\htdocs\ci4_admin\system\Database\BaseBuilder.php(1616): CodeIgniter\Database\BaseConnection->query('SELECT *\nFROM `...', Array, false)
#3 C:\xampp\htdocs\ci4_admin\system\Model.php(245): CodeIgniter\Database\BaseBuilder->get()
#4 C:\xampp\htdocs\ci4_admin\system\BaseModel.php(618): CodeIgniter\Model->doFindAll(0, 0)
#5 C:\xampp\htdocs\ci4_admin\app\Controllers\Admin.php(58): CodeIgniter\BaseModel->findAll()
#6 C:\xampp\htdocs\ci4_admin\system\CodeIgniter.php(932): App\Controllers\Admin->aduan()
#7 C:\xampp\htdocs\ci4_admin\system\CodeIgniter.php(497): CodeIgniter\CodeIgniter->runController(Object(App\Controllers\Admin))
#8 C:\xampp\htdocs\ci4_admin\system\CodeIgniter.php(366): CodeIgniter\CodeIgniter->handleRequest(NULL, Object(Config\Cache), false)
#9 C:\xampp\htdocs\ci4_admin\public\index.php(67): CodeIgniter\CodeIgniter->run()
#10 C:\xampp\htdocs\ci4_admin\system\Commands\Server\rewrite.php(47): require_once('C:\\xampp\\htdocs...')
#11 {main}
CRITICAL - 2023-07-25 05:45:03 --> Unable to connect to the database.
Main connection [MySQLi]: No connection could be made because the target machine actively refused it
in SYSTEMPATH\Database\BaseConnection.php on line 427.
 1 SYSTEMPATH\Database\BaseConnection.php(574): CodeIgniter\Database\BaseConnection->initialize()
 2 SYSTEMPATH\Database\BaseBuilder.php(1616): CodeIgniter\Database\BaseConnection->query('SELECT *
FROM `aduan`', [], false)
 3 SYSTEMPATH\Model.php(245): CodeIgniter\Database\BaseBuilder->get()
 4 SYSTEMPATH\BaseModel.php(618): CodeIgniter\Model->doFindAll(0, 0)
 5 APPPATH\Controllers\Admin.php(58): CodeIgniter\BaseModel->findAll()
 6 SYSTEMPATH\CodeIgniter.php(932): App\Controllers\Admin->aduan()
 7 SYSTEMPATH\CodeIgniter.php(497): CodeIgniter\CodeIgniter->runController(Object(App\Controllers\Admin))
 8 SYSTEMPATH\CodeIgniter.php(366): CodeIgniter\CodeIgniter->handleRequest(null, Object(Config\Cache), false)
 9 FCPATH\index.php(67): CodeIgniter\CodeIgniter->run()
10 SYSTEMPATH\Commands\Server\rewrite.php(47): require_once('C:\\xampp\\htdocs\\ci4_admin\\public\\index.php')
INFO - 2023-07-25 05:45:41 --> Session: Class initialized using 'CodeIgniter\Session\Handlers\FileHandler' driver.
CRITICAL - 2023-07-25 06:01:01 --> There is no data to insert.
in SYSTEMPATH\BaseModel.php on line 762.
 1 SYSTEMPATH\BaseModel.php(762): CodeIgniter\Database\Exceptions\DataException::forEmptyDataset('insert')
 2 SYSTEMPATH\Model.php(734): CodeIgniter\BaseModel->insert([], true)
 3 APPPATH\Controllers\Admin.php(147): CodeIgniter\Model->insert([...])
 4 SYSTEMPATH\CodeIgniter.php(932): App\Controllers\Admin->update_aduan('13')
 5 SYSTEMPATH\CodeIgniter.php(497): CodeIgniter\CodeIgniter->runController(Object(App\Controllers\Admin))
 6 SYSTEMPATH\CodeIgniter.php(366): CodeIgniter\CodeIgniter->handleRequest(null, Object(Config\Cache), false)
 7 FCPATH\index.php(67): CodeIgniter\CodeIgniter->run()
 8 SYSTEMPATH\Commands\Server\rewrite.php(47): require_once('C:\\xampp\\htdocs\\ci4_admin\\public\\index.php')
CRITICAL - 2023-07-25 06:17:35 --> Call to a member function getResultArray() on bool
in APPPATH\Models\AduanModel.php on line 48.
 1 APPPATH\Controllers\Admin.php(148): App\Models\AduanModel->getInsert('13')
 2 SYSTEMPATH\CodeIgniter.php(932): App\Controllers\Admin->update_aduan('13')
 3 SYSTEMPATH\CodeIgniter.php(497): CodeIgniter\CodeIgniter->runController(Object(App\Controllers\Admin))
 4 SYSTEMPATH\CodeIgniter.php(366): CodeIgniter\CodeIgniter->handleRequest(null, Object(Config\Cache), false)
 5 FCPATH\index.php(67): CodeIgniter\CodeIgniter->run()
 6 SYSTEMPATH\Commands\Server\rewrite.php(47): require_once('C:\\xampp\\htdocs\\ci4_admin\\public\\index.php')
CRITICAL - 2023-07-25 06:20:33 --> Call to a member function getResultArray() on bool
in APPPATH\Models\AduanModel.php on line 48.
 1 APPPATH\Controllers\Admin.php(148): App\Models\AduanModel->getInsert('13')
 2 SYSTEMPATH\CodeIgniter.php(932): App\Controllers\Admin->update_aduan('13')
 3 SYSTEMPATH\CodeIgniter.php(497): CodeIgniter\CodeIgniter->runController(Object(App\Controllers\Admin))
 4 SYSTEMPATH\CodeIgniter.php(366): CodeIgniter\CodeIgniter->handleRequest(null, Object(Config\Cache), false)
 5 FCPATH\index.php(67): CodeIgniter\CodeIgniter->run()
 6 SYSTEMPATH\Commands\Server\rewrite.php(47): require_once('C:\\xampp\\htdocs\\ci4_admin\\public\\index.php')
INFO - 2023-07-25 06:23:54 --> Session: Class initialized using 'CodeIgniter\Session\Handlers\FileHandler' driver.
INFO - 2023-07-25 06:23:55 --> Session: Class initialized using 'CodeIgniter\Session\Handlers\FileHandler' driver.
INFO - 2023-07-25 06:24:05 --> Session: Class initialized using 'CodeIgniter\Session\Handlers\FileHandler' driver.
INFO - 2023-07-25 06:24:08 --> Session: Class initialized using 'CodeIgniter\Session\Handlers\FileHandler' driver.
INFO - 2023-07-25 06:25:00 --> Session: Class initialized using 'CodeIgniter\Session\Handlers\FileHandler' driver.
CRITICAL - 2023-07-25 06:25:22 --> There is no data to update.
in SYSTEMPATH\BaseModel.php on line 1680.
 1 SYSTEMPATH\BaseModel.php(1680): CodeIgniter\Database\Exceptions\DataException::forEmptyDataset('update')
 2 SYSTEMPATH\BaseModel.php(910): CodeIgniter\BaseModel->transformDataToArray(null, 'update')
 3 SYSTEMPATH\Model.php(760): CodeIgniter\BaseModel->update([...], null)
 4 APPPATH\Controllers\Admin.php(147): CodeIgniter\Model->update([...])
 5 SYSTEMPATH\CodeIgniter.php(932): App\Controllers\Admin->update_aduan('16')
 6 SYSTEMPATH\CodeIgniter.php(497): CodeIgniter\CodeIgniter->runController(Object(App\Controllers\Admin))
 7 SYSTEMPATH\CodeIgniter.php(366): CodeIgniter\CodeIgniter->handleRequest(null, Object(Config\Cache), false)
 8 FCPATH\index.php(67): CodeIgniter\CodeIgniter->run()
 9 SYSTEMPATH\Commands\Server\rewrite.php(47): require_once('C:\\xampp\\htdocs\\ci4_admin\\public\\index.php')
CRITICAL - 2023-07-25 06:30:09 --> There is no data to insert.
in SYSTEMPATH\BaseModel.php on line 762.
 1 SYSTEMPATH\BaseModel.php(762): CodeIgniter\Database\Exceptions\DataException::forEmptyDataset('insert')
 2 SYSTEMPATH\Model.php(734): CodeIgniter\BaseModel->insert([], true)
 3 APPPATH\Controllers\Admin.php(147): CodeIgniter\Model->insert([...])
 4 SYSTEMPATH\CodeIgniter.php(932): App\Controllers\Admin->update_aduan('16')
 5 SYSTEMPATH\CodeIgniter.php(497): CodeIgniter\CodeIgniter->runController(Object(App\Controllers\Admin))
 6 SYSTEMPATH\CodeIgniter.php(366): CodeIgniter\CodeIgniter->handleRequest(null, Object(Config\Cache), false)
 7 FCPATH\index.php(67): CodeIgniter\CodeIgniter->run()
 8 SYSTEMPATH\Commands\Server\rewrite.php(47): require_once('C:\\xampp\\htdocs\\ci4_admin\\public\\index.php')
CRITICAL - 2023-07-25 06:37:44 --> There is no data to update.
in SYSTEMPATH\BaseModel.php on line 1680.
 1 SYSTEMPATH\BaseModel.php(1680): CodeIgniter\Database\Exceptions\DataException::forEmptyDataset('update')
 2 SYSTEMPATH\BaseModel.php(910): CodeIgniter\BaseModel->transformDataToArray(null, 'update')
 3 SYSTEMPATH\Model.php(760): CodeIgniter\BaseModel->update([...], null)
 4 APPPATH\Controllers\Admin.php(158): CodeIgniter\Model->update([...])
 5 SYSTEMPATH\CodeIgniter.php(932): App\Controllers\Admin->update_aduan('16')
 6 SYSTEMPATH\CodeIgniter.php(497): CodeIgniter\CodeIgniter->runController(Object(App\Controllers\Admin))
 7 SYSTEMPATH\CodeIgniter.php(366): CodeIgniter\CodeIgniter->handleRequest(null, Object(Config\Cache), false)
 8 FCPATH\index.php(67): CodeIgniter\CodeIgniter->run()
 9 SYSTEMPATH\Commands\Server\rewrite.php(47): require_once('C:\\xampp\\htdocs\\ci4_admin\\public\\index.php')
CRITICAL - 2023-07-25 06:53:29 --> Undefined array key "id"
in APPPATH\Models\AduanModel.php on line 35.
 1 APPPATH\Models\AduanModel.php(35): CodeIgniter\Debug\Exceptions->errorHandler(2, 'Undefined array key "id"', 'C:\\xampp\\htdocs\\ci4_admin\\app\\Models\\AduanModel.php', 35)
 2 APPPATH\Controllers\Admin.php(158): App\Models\AduanModel->getUpdate([...])
 3 SYSTEMPATH\CodeIgniter.php(932): App\Controllers\Admin->update_aduan('16')
 4 SYSTEMPATH\CodeIgniter.php(497): CodeIgniter\CodeIgniter->runController(Object(App\Controllers\Admin))
 5 SYSTEMPATH\CodeIgniter.php(366): CodeIgniter\CodeIgniter->handleRequest(null, Object(Config\Cache), false)
 6 FCPATH\index.php(67): CodeIgniter\CodeIgniter->run()
 7 SYSTEMPATH\Commands\Server\rewrite.php(47): require_once('C:\\xampp\\htdocs\\ci4_admin\\public\\index.php')
CRITICAL - 2023-07-25 06:58:45 --> There is no data to insert.
in SYSTEMPATH\BaseModel.php on line 1680.
 1 SYSTEMPATH\BaseModel.php(1680): CodeIgniter\Database\Exceptions\DataException::forEmptyDataset('insert')
 2 SYSTEMPATH\BaseModel.php(742): CodeIgniter\BaseModel->transformDataToArray(null, 'insert')
 3 SYSTEMPATH\Model.php(734): CodeIgniter\BaseModel->insert(null, true)
 4 APPPATH\Controllers\Admin.php(147): CodeIgniter\Model->insert(null)
 5 SYSTEMPATH\CodeIgniter.php(932): App\Controllers\Admin->update_aduan('16')
 6 SYSTEMPATH\CodeIgniter.php(497): CodeIgniter\CodeIgniter->runController(Object(App\Controllers\Admin))
 7 SYSTEMPATH\CodeIgniter.php(366): CodeIgniter\CodeIgniter->handleRequest(null, Object(Config\Cache), false)
 8 FCPATH\index.php(67): CodeIgniter\CodeIgniter->run()
 9 SYSTEMPATH\Commands\Server\rewrite.php(47): require_once('C:\\xampp\\htdocs\\ci4_admin\\public\\index.php')
INFO - 2023-07-25 06:59:26 --> Session: Class initialized using 'CodeIgniter\Session\Handlers\FileHandler' driver.
INFO - 2023-07-25 06:59:26 --> Session: Class initialized using 'CodeIgniter\Session\Handlers\FileHandler' driver.
